 sudo tlp-stat                                                                                            ✔  4s 
--- TLP 1.8.0 --------------------------------------------

+++ Configured Settings:
/etc/tlp.conf L0002: TLP_ENABLE="1"
/etc/tlp.conf L0003: TLP_WARN_LEVEL="3"
/etc/tlp.conf L0004: TLP_MSG_COLORS="91 93 1 92"
defaults.conf L0009: TLP_PERSISTENT_DEFAULT="0"
/etc/tlp.conf L0050: DISK_IDLE_SECS_ON_AC="0"
/etc/tlp.conf L0051: DISK_IDLE_SECS_ON_BAT="2"
/etc/tlp.conf L0052: MAX_LOST_WORK_SECS_ON_AC="15"
/etc/tlp.conf L0053: MAX_LOST_WORK_SECS_ON_BAT="60"
/etc/tlp.conf L0013: CPU_ENERGY_PERF_POLICY_ON_AC="performance"
/etc/tlp.conf L0014: CPU_ENERGY_PERF_POLICY_ON_BAT="balance_power"
/etc/tlp.conf L0112: NMI_WATCHDOG="0"
defaults.conf L0017: DISK_DEVICES="nvme0n1 sda"
/etc/tlp.conf L0056: DISK_APM_LEVEL_ON_AC="254"
/etc/tlp.conf L0057: DISK_APM_LEVEL_ON_BAT="128"
defaults.conf L0020: DISK_APM_CLASS_DENYLIST="usb ieee1394"
/etc/tlp.conf L0060: DISK_IOSCHED="none"
/etc/tlp.conf L0062: SATA_LINKPWR_ON_AC="med_power_with_dipm"
/etc/tlp.conf L0063: SATA_LINKPWR_ON_BAT="med_power_with_dipm"
/etc/tlp.conf L0064: AHCI_RUNTIME_PM_ON_AC="on"
/etc/tlp.conf L0065: AHCI_RUNTIME_PM_ON_BAT="auto"
/etc/tlp.conf L0066: AHCI_RUNTIME_PM_TIMEOUT="15"
/etc/tlp.conf L0084: PCIE_ASPM_ON_AC="default"
/etc/tlp.conf L0085: PCIE_ASPM_ON_BAT="powersupersave"
defaults.conf L0029: RADEON_DPM_PERF_LEVEL_ON_AC="auto"
defaults.conf L0030: RADEON_DPM_PERF_LEVEL_ON_BAT="auto"
defaults.conf L0031: RADEON_POWER_PROFILE_ON_AC="default" #! Parameter is deprecated: feature will be removed with the next release
defaults.conf L0032: RADEON_POWER_PROFILE_ON_BAT="default" #! Parameter is deprecated: feature will be removed with the next release
defaults.conf L0033: AMDGPU_ABM_LEVEL_ON_AC="0"
defaults.conf L0034: AMDGPU_ABM_LEVEL_ON_BAT="1"
/etc/tlp.conf L0072: WIFI_PWR_ON_AC="off"
/etc/tlp.conf L0073: WIFI_PWR_ON_BAT="on"
/etc/tlp.conf L0076: WOL_DISABLE="Y"
/etc/tlp.conf L0079: SOUND_POWER_SAVE_ON_AC="1"
/etc/tlp.conf L0080: SOUND_POWER_SAVE_ON_BAT="1"
/etc/tlp.conf L0081: SOUND_POWER_SAVE_CONTROLLER="Y"
defaults.conf L0041: BAY_POWEROFF_ON_AC="0"
defaults.conf L0042: BAY_POWEROFF_ON_BAT="0"
defaults.conf L0043: BAY_DEVICE="sr0"
/etc/tlp.conf L0088: RUNTIME_PM_ON_AC="on"
/etc/tlp.conf L0089: RUNTIME_PM_ON_BAT="auto"
/etc/tlp.conf L0044: RUNTIME_PM_DRIVER_DENYLIST="mei_me xhci_hcd"
/etc/tlp.conf L0092: USB_AUTOSUSPEND="1"
/etc/tlp.conf L0093: USB_EXCLUDE_AUDIO="1"
/etc/tlp.conf L0095: USB_EXCLUDE_BTUSB="1"
defaults.conf L0050: USB_EXCLUDE_PHONE="0"
/etc/tlp.conf L0094: USB_EXCLUDE_PRINTER="1"
defaults.conf L0052: USB_EXCLUDE_WWAN="0"
defaults.conf L0053: RESTORE_DEVICE_STATE_ON_STARTUP="0"
defaults.conf L0054: RESTORE_THRESHOLDS_ON_BAT="0"
defaults.conf L0055: NATACPI_ENABLE="1"
defaults.conf L0056: TPSMAPI_ENABLE="1"
/etc/tlp.conf L0009: CPU_SCALING_GOVERNOR_ON_AC="performance"
/etc/tlp.conf L0010: CPU_SCALING_GOVERNOR_ON_BAT="powersave"
/etc/tlp.conf L0017: CPU_BOOST_ON_AC="1"
/etc/tlp.conf L0018: CPU_BOOST_ON_BAT="0"
/etc/tlp.conf L0019: CPU_HWP_DYN_BOOST_ON_AC="1"
/etc/tlp.conf L0020: CPU_HWP_DYN_BOOST_ON_BAT="0"
/etc/tlp.conf L0023: CPU_MIN_PERF_ON_AC="0"
/etc/tlp.conf L0024: CPU_MAX_PERF_ON_AC="100"
/etc/tlp.conf L0025: CPU_MIN_PERF_ON_BAT="0"
/etc/tlp.conf L0026: CPU_MAX_PERF_ON_BAT="60"
/etc/tlp.conf L0029: PLATFORM_PROFILE_ON_AC="performance"
/etc/tlp.conf L0030: PLATFORM_PROFILE_ON_BAT="balanced"
/etc/tlp.conf L0036: INTEL_GPU_MIN_FREQ_ON_AC="100"
/etc/tlp.conf L0037: INTEL_GPU_MAX_FREQ_ON_AC="0"
/etc/tlp.conf L0038: INTEL_GPU_BOOST_FREQ_ON_AC="0"
/etc/tlp.conf L0039: INTEL_GPU_MIN_FREQ_ON_BAT="100"
/etc/tlp.conf L0040: INTEL_GPU_MAX_FREQ_ON_BAT="800"
/etc/tlp.conf L0041: INTEL_GPU_BOOST_FREQ_ON_BAT="0"
/etc/tlp.conf L0058: DISK_SPINDOWN_TIMEOUT_ON_AC="0"
/etc/tlp.conf L0059: DISK_SPINDOWN_TIMEOUT_ON_BAT="0"
/etc/tlp.conf L0101: START_CHARGE_THRESH_BAT0="75"
/etc/tlp.conf L0102: STOP_CHARGE_THRESH_BAT0="80"
/etc/tlp.conf L0105: MEM_SLEEP_ON_AC="s2idle"
/etc/tlp.conf L0106: MEM_SLEEP_ON_BAT="deep"

+++ System Info
System         = Dell Inc.  XPS 15 9530
BIOS           = 1.18.0
EC Firmware    = 1.7
OS Release     = Manjaro Linux
Kernel         = 6.12.17-1-MANJARO #1 SMP PREEMPT_DYNAMIC Thu, 27 Feb 2025 13:04:33 +0000 x86_64
/proc/cmdline  = BOOT_IMAGE=/boot/vmlinuz-6.12-x86_64 root=UUID=9528931f-ab51-46ed-b8b3-d00e691d14ea rw quiet cryptdevice=UUID=0efd499e-4e58-4ade-8dec-7d2f3fd0620d:luks-0efd499e-4e58-4ade-8dec-7d2f3fd0620d root=/dev/mapper/luks-0efd499e-4e58-4ade-8dec-7d2f3fd0620d splash apparmor=1 security=apparmor udev.log_priority=3
Init system    = systemd
Boot mode      = UEFI
Suspend mode   = [s2idle]

+++ TLP Status
State          = enabled
RDW state      = enabled
Last run       = 18:47:21, 2660 sec(s) ago
Mode           = AC
Power source   = AC

+++ Processor
CPU model = 13th Gen Intel(R) Core(TM) i9-13900H

/sys/devices/system/cpu/cpu0/cpufreq/scaling_driver    = intel_pstate
/sys/devices/system/cpu/cpu0/cpufreq/scaling_governor  = performance
/sys/devices/system/cpu/cpu0/cpufreq/scaling_available_governors = performance powersave
/sys/devices/system/cpu/cpu0/cpufreq/scaling_min_freq  =   400000 [kHz]
/sys/devices/system/cpu/cpu0/cpufreq/scaling_max_freq  =  5200000 [kHz]
/sys/devices/system/cpu/cpu0/cpufreq/cpuinfo_min_freq  =   400000 [kHz]
/sys/devices/system/cpu/cpu0/cpufreq/cpuinfo_max_freq  =  5200000 [kHz]
/sys/devices/system/cpu/cpu0/cpufreq/energy_performance_preference = performance [EPP]
/sys/devices/system/cpu/cpu0/cpufreq/energy_performance_available_preferences = default performance balance_performance balance_power power

/sys/devices/system/cpu/cpu1..cpu19: omitted for clarity, use -v to show all

/sys/devices/system/cpu/intel_pstate/status            = active
/sys/devices/system/cpu/intel_pstate/min_perf_pct      =   8 [%]
/sys/devices/system/cpu/intel_pstate/max_perf_pct      = 100 [%]
/sys/devices/system/cpu/intel_pstate/no_turbo          =   0
/sys/devices/system/cpu/intel_pstate/hwp_dynamic_boost =   0
/sys/devices/system/cpu/intel_pstate/turbo_pct         = (not available)
/sys/devices/system/cpu/intel_pstate/num_pstates       = (not available)
/sys/module/workqueue/parameters/power_efficient       = Y
/proc/sys/kernel/nmi_watchdog                          = 0

+++ Platform Profile
/sys/firmware/acpi/platform_profile                    = performance
/sys/firmware/acpi/platform_profile_choices            = cool quiet balanced performance

+++ Temperatures
CPU temp               =    75 [°C]
Fan speed (fan1)       =  4302 [/min]
Fan speed (fan2)       =  4079 [/min]
Fan speed (fan1)       =  4302 [/min]
Fan speed (fan2)       =  4079 [/min]

+++ File System
/proc/sys/vm/laptop_mode               =     0
/proc/sys/vm/dirty_writeback_centisecs =  1500
/proc/sys/vm/dirty_expire_centisecs    =  1500
/proc/sys/vm/dirty_ratio               =    20
/proc/sys/vm/dirty_background_ratio    =    10

+++ Disks
Devices = nvme0n1 sda

/dev/nvme0n1:
  Type       = NVMe
  Disk ID    = nvme-PC801_NVMe_SK_hynix_1TB____*****************
  Model      = PC801 NVMe SK hynix 1TB
  Firmware   = 51003141
  Temp       = 40 °C
  Scheduler  = none [mq-deadline] kyber bfq (multi queue)

  Runtime PM:
    /sys/block/nvme0n1/device/power/control = on, autosuspend_delay_ms = (not available)

/dev/sda:
  Type       = USB
  Disk ID    = usb-Samsung_PSSD_T7_*******************
  Model      = Samsung PSSD T7
  Firmware   = unknown
  APM Level  = none/disabled
  Status     = standby
  Scheduler  = none [mq-deadline] kyber bfq (multi queue)

  Runtime PM:
    /sys/block/sda/device/power/control = on, autosuspend_delay_ms = 15000

+++ Intel Graphics
/sys/class/drm/card1/device/driver           = i915

/sys/class/drm/card1/power/rc6_enable        =  1 (enabled)
/sys/kernel/debug/dri/1/i915_fbc_status      = FBC disabled: PSR1 enabled (Wa_14016291713)
/sys/kernel/debug/dri/1/i915_edp_psr_status  = PSR mode: disabled

/sys/class/drm/card1/gt_min_freq_mhz         =   100 [MHz]
/sys/class/drm/card1/gt_max_freq_mhz         =  1500 [MHz]
/sys/class/drm/card1/gt_boost_freq_mhz       =  1500 [MHz]
/sys/class/drm/card1/gt_RPn_freq_mhz         =   100 [MHz] (GPU min)
/sys/class/drm/card1/gt_RP0_freq_mhz         =  1500 [MHz] (GPU max)

+++ Wireless
bluetooth = on
nfc       = none (no device)
wifi      = on
wwan      = none (no device)

hci0(btusb)                   : bluetooth, connected
wlp0s20f3(iwlwifi)            : wifi, connected, power management = off

+++ Audio
/sys/module/snd_hda_intel/parameters/power_save            = 1
/sys/module/snd_hda_intel/parameters/power_save_controller = Y

+++ PCIe Active State Power Management
/sys/module/pcie_aspm/parameters/policy = [default] performance powersave powersupersave (using BIOS preferences)

+++ PCIe Runtime Power Management
Enable devices    = (disabled)
Disable devices   = (disabled)
Device denylist   = (disabled)
Driver denylist   = mei_me xhci_hcd

/sys/bus/pci/devices/0000:00:00.0/power/control = on   (0x060000, Host bridge, igen6_edac)
/sys/bus/pci/devices/0000:00:01.0/power/control = on   (0x060400, PCI bridge, pcieport)
/sys/bus/pci/devices/0000:00:02.0/power/control = on   (0x030000, VGA compatible controller, i915)
/sys/bus/pci/devices/0000:00:04.0/power/control = on   (0x118000, Signal processing controller, proc_thermal_pci)
/sys/bus/pci/devices/0000:00:06.0/power/control = on   (0x060400, PCI bridge, pcieport)
/sys/bus/pci/devices/0000:00:07.0/power/control = on   (0x060400, PCI bridge, pcieport)
/sys/bus/pci/devices/0000:00:07.1/power/control = on   (0x060400, PCI bridge, pcieport)
/sys/bus/pci/devices/0000:00:08.0/power/control = on   (0x088000, System peripheral, no driver)
/sys/bus/pci/devices/0000:00:0a.0/power/control = on   (0x118000, Signal processing controller, intel_vsec)
/sys/bus/pci/devices/0000:00:0d.0/power/control = auto (0x0c0330, USB controller, xhci_hcd)
/sys/bus/pci/devices/0000:00:0d.2/power/control = on   (0x0c0340, USB controller, thunderbolt)
/sys/bus/pci/devices/0000:00:12.0/power/control = on   (0x070000, Serial controller, intel_ish_ipc)
/sys/bus/pci/devices/0000:00:12.6/power/control = on   (0x0c8000, Serial bus controller, intel-lpss)
/sys/bus/pci/devices/0000:00:14.0/power/control = auto (0x0c0330, USB controller, xhci_hcd)
/sys/bus/pci/devices/0000:00:14.2/power/control = on   (0x050000, RAM memory, no driver)
/sys/bus/pci/devices/0000:00:14.3/power/control = on   (0x028000, Network controller, iwlwifi)
/sys/bus/pci/devices/0000:00:15.0/power/control = on   (0x0c8000, Serial bus controller, intel-lpss)
/sys/bus/pci/devices/0000:00:15.1/power/control = on   (0x0c8000, Serial bus controller, intel-lpss)
/sys/bus/pci/devices/0000:00:16.0/power/control = auto (0x078000, Communication controller, mei_me)
/sys/bus/pci/devices/0000:00:1c.0/power/control = on   (0x060400, PCI bridge, pcieport)
/sys/bus/pci/devices/0000:00:1f.0/power/control = on   (0x060100, ISA bridge, no driver)
/sys/bus/pci/devices/0000:00:1f.3/power/control = on   (0x040100, Multimedia audio controller, sof-audio-pci-intel-tgl)
/sys/bus/pci/devices/0000:00:1f.4/power/control = on   (0x0c0500, SMBus, i801_smbus)
/sys/bus/pci/devices/0000:00:1f.5/power/control = on   (0x0c8000, Serial bus controller, intel-spi)
/sys/bus/pci/devices/0000:01:00.0/power/control = on   (0x030200, 3D controller, nvidia)
/sys/bus/pci/devices/0000:02:00.0/power/control = on   (0x010802, Non-Volatile memory controller, nvme)
/sys/bus/pci/devices/0000:a5:00.0/power/control = on   (0xff0000, Unassigned class [ff00], rtsx_pci)

+++ USB
Autosuspend       = enabled
Device allowlist  = (not configured)
Device denylist   = (not configured)
Exclude audio     = enabled
Exclude bluetooth = enabled
Exclude phones    = disabled
Exclude printers  = enabled
Exclude WWAN      = disabled

Bus 001 Device 001 ID 1d6b:0002 control = auto, autosuspend_delay_ms =    0 -- Linux Foundation 2.0 root hub (hub)
Bus 002 Device 001 ID 1d6b:0003 control = auto, autosuspend_delay_ms =    0 -- Linux Foundation 3.0 root hub (hub)
Bus 002 Device 002 ID 2109:0211 control = auto, autosuspend_delay_ms =    0 -- VIA Labs, Inc. USB3.0 Hub (hub)
Bus 002 Device 003 ID 04e8:4001 control = auto, autosuspend_delay_ms = 2000 -- Samsung Electronics Co., Ltd PSSD T7 (uas)
Bus 003 Device 001 ID 1d6b:0002 control = auto, autosuspend_delay_ms =    0 -- Linux Foundation 2.0 root hub (hub)
Bus 003 Device 003 ID 0c45:6748 control = auto, autosuspend_delay_ms = 2000 -- Microdia Integrated_Webcam_HD (uvcvideo)
Bus 003 Device 004 ID 27c6:63ac control = auto, autosuspend_delay_ms = 2000 -- Shenzhen Goodix Technology Co.,Ltd. Goodix USB2.0 MISC (no driver)
Bus 003 Device 005 ID 8087:0033 control = auto, autosuspend_delay_ms = 2000 -- Intel Corp. AX211 Bluetooth (btusb)
Bus 003 Device 006 ID 2109:2211 control = auto, autosuspend_delay_ms =    0 -- VIA Labs, Inc. USB2.0 Hub (hub)
Bus 003 Device 007 ID 413c:b080 control = auto, autosuspend_delay_ms = 2000 -- Dell Computer Corp. Dell DA20 Adapter (no driver)
Bus 004 Device 001 ID 1d6b:0003 control = auto, autosuspend_delay_ms =    0 -- Linux Foundation 3.0 root hub (hub)

+++ Battery Care
Plugin: dell
Supported features: charge thresholds
Driver usage:
* natacpi (dell_laptop) = active (charge thresholds)
Parameter value ranges:
* START_CHARGE_THRESH_BAT0/1:  50..95(default)
* STOP_CHARGE_THRESH_BAT0/1:   55..100(default)

+++ Battery Status: BAT0
/sys/class/power_supply/BAT0/manufacturer                   = SMP
/sys/class/power_supply/BAT0/model_name                     = DELL 70N2F35
/sys/class/power_supply/BAT0/cycle_count                    =    239
/sys/class/power_supply/BAT0/charge_full_design             =   7393 [mAh]
/sys/class/power_supply/BAT0/charge_full                    =   5610 [mAh]
/sys/class/power_supply/BAT0/charge_now                     =   5610 [mAh]
/sys/class/power_supply/BAT0/current_now                    =      1 [mA]
/sys/class/power_supply/BAT0/status                         = Not charging

/sys/class/power_supply/BAT0/charge_control_start_threshold =     50 [%]
/sys/class/power_supply/BAT0/charge_control_end_threshold   =     90 [%]
/sys/class/power_supply/BAT0/charge_types                   = Trickle Fast Standard [Adaptive] Custom

Charge                                                      =  100.0 [%]
Capacity                                                    =   75.9 [%]

+++ Recommendations
* BAT0 charge level is above the stop threshold. Use your laptop on battery power until the battery is discharged to the stop threshold.
* Install smartmontools for disk drive health info

    ~/p/dellxps    main !1 ?2                                                                                                                  ✔